<?xml version="1.0" encoding="UTF-8"?>
<testsuite xmlns:xsi="http://www.w3.org/2001/XMLSchema-instance" xsi:schemaLocation="https://maven.apache.org/surefire/maven-surefire-plugin/xsd/surefire-test-report.xsd" name="com.ftn.isa.projekat.rentACar.rentACarCore.controller.ReservationControllerTest" time="0.239" tests="4" errors="0" skipped="0" failures="3">
  <properties>
[...]
</properties>
  <testcase name="testGetOneById" classname="com.ftn.isa.projekat.rentACar.rentACarCore.controller.ReservationControllerTest" time="0.052">
    <failure message="Status expected:&lt;200&gt; but was:&lt;404&gt;" type="java.lang.AssertionError"><![CDATA[java.lang.AssertionError: Status expected:<200> but was:<404>
	at com.ftn.isa.projekat.rentACar.rentACarCore.controller.ReservationControllerTest.testGetOneById(ReservationControllerTest.java:52)
]]></failure>
    <system-out><![CDATA[2019-02-08 23:46:11.551  INFO 12972 --- [           main] .b.t.c.SpringBootTestContextBootstrapper : Neither @ContextConfiguration nor @ContextHierarchy found for test class [com.ftn.isa.projekat.rentACar.rentACarCore.controller.ReservationControllerTest], using SpringBootContextLoader
2019-02-08 23:46:11.553  INFO 12972 --- [           main] o.s.t.c.support.AbstractContextLoader    : Could not detect default resource locations for test class [com.ftn.isa.projekat.rentACar.rentACarCore.controller.ReservationControllerTest]: no resource found for suffixes {-context.xml, Context.groovy}.
2019-02-08 23:46:11.553  INFO 12972 --- [           main] t.c.s.AnnotationConfigContextLoaderUtils : Could not detect default configuration classes for test class [com.ftn.isa.projekat.rentACar.rentACarCore.controller.ReservationControllerTest]: ReservationControllerTest does not declare any static, non-private, non-final, nested classes annotated with @Configuration.
2019-02-08 23:46:11.557  INFO 12972 --- [           main] .b.t.c.SpringBootTestContextBootstrapper : Found @SpringBootConfiguration com.ftn.isa.projekat.rentACar.rentACarCore.RentACarCoreApplication for test class com.ftn.isa.projekat.rentACar.rentACarCore.controller.ReservationControllerTest
2019-02-08 23:46:11.562  INFO 12972 --- [           main] .b.t.c.SpringBootTestContextBootstrapper : Loaded default TestExecutionListener class names from location [META-INF/spring.factories]: [org.springframework.boot.test.mock.mockito.MockitoTestExecutionListener, org.springframework.boot.test.mock.mockito.ResetMocksTestExecutionListener, org.springframework.boot.test.autoconfigure.restdocs.RestDocsTestExecutionListener, org.springframework.boot.test.autoconfigure.web.client.MockRestServiceServerResetTestExecutionListener, org.springframework.boot.test.autoconfigure.web.servlet.MockMvcPrintOnlyOnFailureTestExecutionListener, org.springframework.boot.test.autoconfigure.web.servlet.WebDriverTestExecutionListener, org.springframework.test.context.web.ServletTestExecutionListener, org.springframework.test.context.support.DirtiesContextBeforeModesTestExecutionListener, org.springframework.test.context.support.DependencyInjectionTestExecutionListener, org.springframework.test.context.support.DirtiesContextTestExecutionListener, org.springframework.test.context.transaction.TransactionalTestExecutionListener, org.springframework.test.context.jdbc.SqlScriptsTestExecutionListener]
2019-02-08 23:46:11.562  INFO 12972 --- [           main] .b.t.c.SpringBootTestContextBootstrapper : Using TestExecutionListeners: [org.springframework.test.context.web.ServletTestExecutionListener@2f6352a3, org.springframework.test.context.support.DirtiesContextBeforeModesTestExecutionListener@24455d50, org.springframework.boot.test.mock.mockito.MockitoTestExecutionListener@bb160fb, org.springframework.boot.test.autoconfigure.SpringBootDependencyInjectionTestExecutionListener@4cc4f6bd, org.springframework.test.context.support.DirtiesContextTestExecutionListener@798753cc, org.springframework.test.context.transaction.TransactionalTestExecutionListener@77262e71, org.springframework.test.context.jdbc.SqlScriptsTestExecutionListener@77902ed6, org.springframework.boot.test.mock.mockito.ResetMocksTestExecutionListener@1c0a4f87, org.springframework.boot.test.autoconfigure.restdocs.RestDocsTestExecutionListener@5f5076f9, org.springframework.boot.test.autoconfigure.web.client.MockRestServiceServerResetTestExecutionListener@19439ec4, org.springframework.boot.test.autoconfigure.web.servlet.MockMvcPrintOnlyOnFailureTestExecutionListener@6f53f5a4, org.springframework.boot.test.autoconfigure.web.servlet.WebDriverTestExecutionListener@21ebf9be]
2019-02-08 23:46:11.576  INFO 12972 --- [           main] o.s.b.t.m.w.SpringBootMockServletContext : Initializing Spring TestDispatcherServlet ''
2019-02-08 23:46:11.576  INFO 12972 --- [           main] o.s.t.web.servlet.TestDispatcherServlet  : Initializing Servlet ''
2019-02-08 23:46:11.581  INFO 12972 --- [           main] o.s.t.web.servlet.TestDispatcherServlet  : Completed initialization in 5 ms
]]></system-out>
  </testcase>
  <testcase name="testDeleteReservationNoConditions" classname="com.ftn.isa.projekat.rentACar.rentACarCore.controller.ReservationControllerTest" time="0.036">
    <failure message="Status expected:&lt;200&gt; but was:&lt;404&gt;" type="java.lang.AssertionError"><![CDATA[java.lang.AssertionError: Status expected:<200> but was:<404>
	at com.ftn.isa.projekat.rentACar.rentACarCore.controller.ReservationControllerTest.testDeleteReservationNoConditions(ReservationControllerTest.java:69)
]]></failure>
    <system-out><![CDATA[2019-02-08 23:46:11.626  INFO 12972 --- [           main] o.s.t.c.transaction.TransactionContext   : Began transaction (1) for test context [DefaultTestContext@1d208795 testClass = ReservationControllerTest, testInstance = com.ftn.isa.projekat.rentACar.rentACarCore.controller.ReservationControllerTest@2f006edf, testMethod = testDeleteReservationNoConditions@ReservationControllerTest, testException = [null], mergedContextConfiguration = [WebMergedContextConfiguration@20843604 testClass = ReservationControllerTest, locations = '{}', classes = '{class com.ftn.isa.projekat.rentACar.rentACarCore.RentACarCoreApplication}', contextInitializerClasses = '[]', activeProfiles = '{}', propertySourceLocations = '{}', propertySourceProperties = '{org.springframework.boot.test.context.SpringBootTestContextBootstrapper=true}', contextCustomizers = set[org.springframework.boot.test.context.filter.ExcludeFilterContextCustomizer@516be40f, org.springframework.boot.test.json.DuplicateJsonObjectContextCustomizerFactory$DuplicateJsonObjectContextCustomizer@77be656f, org.springframework.boot.test.mock.mockito.MockitoContextCustomizer@0, org.springframework.boot.test.web.client.TestRestTemplateContextCustomizer@4450d156, org.springframework.boot.test.autoconfigure.properties.PropertyMappingContextCustomizer@0, org.springframework.boot.test.autoconfigure.web.servlet.WebDriverContextCustomizerFactory$Customizer@57175e74], resourceBasePath = 'src/main/webapp', contextLoader = 'org.springframework.boot.test.context.SpringBootContextLoader', parent = [null]], attributes = map['org.springframework.test.context.web.ServletTestExecutionListener.activateListener' -> true, 'org.springframework.test.context.web.ServletTestExecutionListener.populatedRequestContextHolder' -> true, 'org.springframework.test.context.web.ServletTestExecutionListener.resetRequestContextHolder' -> true]]; transaction manager [org.springframework.orm.jpa.JpaTransactionManager@38d4488c]; rollback [true]
2019-02-08 23:46:11.628  INFO 12972 --- [           main] o.s.b.t.m.w.SpringBootMockServletContext : Initializing Spring TestDispatcherServlet ''
2019-02-08 23:46:11.629  INFO 12972 --- [           main] o.s.t.web.servlet.TestDispatcherServlet  : Initializing Servlet ''
2019-02-08 23:46:11.633  INFO 12972 --- [           main] o.s.t.web.servlet.TestDispatcherServlet  : Completed initialization in 4 ms
2019-02-08 23:46:11.643  INFO 12972 --- [           main] o.s.t.c.transaction.TransactionContext   : Rolled back transaction for test: [DefaultTestContext@1d208795 testClass = ReservationControllerTest, testInstance = com.ftn.isa.projekat.rentACar.rentACarCore.controller.ReservationControllerTest@2f006edf, testMethod = testDeleteReservationNoConditions@ReservationControllerTest, testException = java.lang.AssertionError: Status expected:<200> but was:<404>, mergedContextConfiguration = [WebMergedContextConfiguration@20843604 testClass = ReservationControllerTest, locations = '{}', classes = '{class com.ftn.isa.projekat.rentACar.rentACarCore.RentACarCoreApplication}', contextInitializerClasses = '[]', activeProfiles = '{}', propertySourceLocations = '{}', propertySourceProperties = '{org.springframework.boot.test.context.SpringBootTestContextBootstrapper=true}', contextCustomizers = set[org.springframework.boot.test.context.filter.ExcludeFilterContextCustomizer@516be40f, org.springframework.boot.test.json.DuplicateJsonObjectContextCustomizerFactory$DuplicateJsonObjectContextCustomizer@77be656f, org.springframework.boot.test.mock.mockito.MockitoContextCustomizer@0, org.springframework.boot.test.web.client.TestRestTemplateContextCustomizer@4450d156, org.springframework.boot.test.autoconfigure.properties.PropertyMappingContextCustomizer@0, org.springframework.boot.test.autoconfigure.web.servlet.WebDriverContextCustomizerFactory$Customizer@57175e74], resourceBasePath = 'src/main/webapp', contextLoader = 'org.springframework.boot.test.context.SpringBootContextLoader', parent = [null]], attributes = map['org.springframework.test.context.web.ServletTestExecutionListener.activateListener' -> true, 'org.springframework.test.context.web.ServletTestExecutionListener.populatedRequestContextHolder' -> true, 'org.springframework.test.context.web.ServletTestExecutionListener.resetRequestContextHolder' -> true]]
]]></system-out>
  </testcase>
  <testcase name="testDeleteReservation" classname="com.ftn.isa.projekat.rentACar.rentACarCore.controller.ReservationControllerTest" time="0.017">
    <failure message="Status expected:&lt;200&gt; but was:&lt;404&gt;" type="java.lang.AssertionError"><![CDATA[java.lang.AssertionError: Status expected:<200> but was:<404>
	at com.ftn.isa.projekat.rentACar.rentACarCore.controller.ReservationControllerTest.testDeleteReservation(ReservationControllerTest.java:61)
]]></failure>
    <system-out><![CDATA[2019-02-08 23:46:11.648  INFO 12972 --- [           main] o.s.t.c.transaction.TransactionContext   : Began transaction (1) for test context [DefaultTestContext@1d208795 testClass = ReservationControllerTest, testInstance = com.ftn.isa.projekat.rentACar.rentACarCore.controller.ReservationControllerTest@5cb64b9c, testMethod = testDeleteReservation@ReservationControllerTest, testException = [null], mergedContextConfiguration = [WebMergedContextConfiguration@20843604 testClass = ReservationControllerTest, locations = '{}', classes = '{class com.ftn.isa.projekat.rentACar.rentACarCore.RentACarCoreApplication}', contextInitializerClasses = '[]', activeProfiles = '{}', propertySourceLocations = '{}', propertySourceProperties = '{org.springframework.boot.test.context.SpringBootTestContextBootstrapper=true}', contextCustomizers = set[org.springframework.boot.test.context.filter.ExcludeFilterContextCustomizer@516be40f, org.springframework.boot.test.json.DuplicateJsonObjectContextCustomizerFactory$DuplicateJsonObjectContextCustomizer@77be656f, org.springframework.boot.test.mock.mockito.MockitoContextCustomizer@0, org.springframework.boot.test.web.client.TestRestTemplateContextCustomizer@4450d156, org.springframework.boot.test.autoconfigure.properties.PropertyMappingContextCustomizer@0, org.springframework.boot.test.autoconfigure.web.servlet.WebDriverContextCustomizerFactory$Customizer@57175e74], resourceBasePath = 'src/main/webapp', contextLoader = 'org.springframework.boot.test.context.SpringBootContextLoader', parent = [null]], attributes = map['org.springframework.test.context.web.ServletTestExecutionListener.activateListener' -> true, 'org.springframework.test.context.web.ServletTestExecutionListener.populatedRequestContextHolder' -> true, 'org.springframework.test.context.web.ServletTestExecutionListener.resetRequestContextHolder' -> true]]; transaction manager [org.springframework.orm.jpa.JpaTransactionManager@38d4488c]; rollback [true]
2019-02-08 23:46:11.650  INFO 12972 --- [           main] o.s.b.t.m.w.SpringBootMockServletContext : Initializing Spring TestDispatcherServlet ''
2019-02-08 23:46:11.650  INFO 12972 --- [           main] o.s.t.web.servlet.TestDispatcherServlet  : Initializing Servlet ''
2019-02-08 23:46:11.656  INFO 12972 --- [           main] o.s.t.web.servlet.TestDispatcherServlet  : Completed initialization in 6 ms
2019-02-08 23:46:11.670  INFO 12972 --- [           main] o.s.t.c.transaction.TransactionContext   : Rolled back transaction for test: [DefaultTestContext@1d208795 testClass = ReservationControllerTest, testInstance = com.ftn.isa.projekat.rentACar.rentACarCore.controller.ReservationControllerTest@5cb64b9c, testMethod = testDeleteReservation@ReservationControllerTest, testException = java.lang.AssertionError: Status expected:<200> but was:<404>, mergedContextConfiguration = [WebMergedContextConfiguration@20843604 testClass = ReservationControllerTest, locations = '{}', classes = '{class com.ftn.isa.projekat.rentACar.rentACarCore.RentACarCoreApplication}', contextInitializerClasses = '[]', activeProfiles = '{}', propertySourceLocations = '{}', propertySourceProperties = '{org.springframework.boot.test.context.SpringBootTestContextBootstrapper=true}', contextCustomizers = set[org.springframework.boot.test.context.filter.ExcludeFilterContextCustomizer@516be40f, org.springframework.boot.test.json.DuplicateJsonObjectContextCustomizerFactory$DuplicateJsonObjectContextCustomizer@77be656f, org.springframework.boot.test.mock.mockito.MockitoContextCustomizer@0, org.springframework.boot.test.web.client.TestRestTemplateContextCustomizer@4450d156, org.springframework.boot.test.autoconfigure.properties.PropertyMappingContextCustomizer@0, org.springframework.boot.test.autoconfigure.web.servlet.WebDriverContextCustomizerFactory$Customizer@57175e74], resourceBasePath = 'src/main/webapp', contextLoader = 'org.springframework.boot.test.context.SpringBootContextLoader', parent = [null]], attributes = map['org.springframework.test.context.web.ServletTestExecutionListener.activateListener' -> true, 'org.springframework.test.context.web.ServletTestExecutionListener.populatedRequestContextHolder' -> true, 'org.springframework.test.context.web.ServletTestExecutionListener.resetRequestContextHolder' -> true]]
]]></system-out>
  </testcase>
  <testcase name="testGetAll" classname="com.ftn.isa.projekat.rentACar.rentACarCore.controller.ReservationControllerTest" time="0.125"/>
</testsuite>